{
  "comments": [
    {
      "unresolved": false,
      "key": {
        "uuid": "b1747825_e2f322bb",
        "filename": "/PATCHSET_LEVEL",
        "patchSetId": 4
      },
      "lineNbr": 0,
      "author": {
        "id": 1071150
      },
      "writtenOn": "2020-10-27T12:29:53Z",
      "side": 1,
      "message": "Thanks Ulya",
      "revId": "654f07daf526e18f4f4dbe249d0cbbe91745f463",
      "serverId": "85c56323-6fa9-3386-8a01-6480fb634889"
    },
    {
      "unresolved": false,
      "key": {
        "uuid": "18f5c3cf_30b49415",
        "filename": "/PATCHSET_LEVEL",
        "patchSetId": 4
      },
      "lineNbr": 0,
      "author": {
        "id": 1071150
      },
      "writtenOn": "2020-10-27T12:33:24Z",
      "side": 1,
      "message": "PTAL, this passes all host tests locally with the exception of two that appear to be failing for other reasons:\n\ntest-art-host-run-test-debug-prebuild-speed-profile-no-relocate-ntrace-cms-checkjni-picimage-ndebuggable-no-jvmti-cdex-fast-677-fsi64\n/media/oth/raid0/oth-src/master-art/art/test/run-test  --output-path /tmp/test-art-n2655tyz/tmpniy6qqph --always-clean  --host --prebuild --compact-dex-level fast --random-profile --no-relocate --runtime-option -Xcheck:jni --64  677-fsi\n/media/oth/raid0/oth-src/master-art/art/test/677-fsi: building...\n/media/oth/raid0/oth-src/master-art/art/test/677-fsi: running...\n/media/oth/raid0/oth-src/master-art/art/test/677-fsi: FAILED!\n\n#################### info\n#################### diffs\n--- expected.txt        2020-10-26 10:23:28.211945139 +0000\n+++ output.txt  2020-10-27 12:29:44.722540103 +0000\n@@ -1,2 +1,2 @@\n-oat file has dex code, but APK has uncompressed dex code\n Hello World\n+dalvikvm64 E 10-27 12:29:44 3015469 3015469 oat_file_assistant.cc:424] Not loading /tmp/test-art-n2655tyz/tmpniy6qqph/677-fsi.jar: oat file has dex code, but APK has uncompressed dex code\n\n\ntest-art-host-run-test-debug-prebuild-interp-ac-no-relocate-ntrace-cms-checkjni-picimage-ndebuggable-no-jvmti-cdex-fast-178-app-image-native-method64\n/media/oth/raid0/oth-src/master-art/art/test/run-test  --output-path /tmp/test-art-n2655tyz/tmpzgqphf4v --always-clean  --host --prebuild --compact-dex-level fast --interpreter --verify-soft-fail --no-relocate --runtime-option -Xcheck:jni --64  178-app-image-native-method\n/media/oth/raid0/oth-src/master-art/art/test/178-app-image-native-method: building...\n/media/oth/raid0/oth-src/master-art/art/test/178-app-image-native-method: running...\n/media/oth/raid0/oth-src/master-art/art/test/178-app-image-native-method: FAILED!\n\n#################### info\n# Tests that native methods in app image using compiled stubs or Generic JNI work correctly.\n#################### diffs\n--- expected.txt        2020-10-26 10:23:28.039942197 +0000\n+++ output.txt  2020-10-27 12:30:26.743270385 +0000\n@@ -11,11 +11,29 @@\n testCritical\n testMissing\n testMissingFast\n-testMissingCritical\n+dalvikvm64 E 10-27 12:30:24 3101264 3101264 java_vm_ext.cc:1148] No implementation found for int TestMissing.nativeMethodVoid() (tried Java_TestMissing_nativeMethodVoid and Java_TestMissing_nativeMethodVoid__)\n+dalvikvm64 E 10-27 12:30:24 3101264 3101264 java_vm_ext.cc:1148] No implementation found for int TestMissing.nativeMethod(int) (tried Java_TestMissing_nativeMethod and Java_TestMissing_nativeMethod__I)\n+dalvikvm64 E 10-27 12:30:24 3101264 3101264 java_vm_ext.cc:1148] No implementation found for int TestMissing.nativeMethodWithManyParameters(int, long, float, double, int, long, float, double, int, long, float, double, int, long, float, double, int, long, float, double, int, long, float, double, int, long, float, double, int, long, float, double) (tried Java_TestMissing_nativeMethodWithManyParameters and Java_TestMissing_nativeMethodWithManyParameters__IJFDIJFDIJFDIJFDIJFDIJFDIJFDIJFD)\n+dalvikvm64 E 10-27 12:30:24 3101264 3101264 java_vm_ext.cc:1148] No implementation found for int TestMissingFast.nativeMethodVoid() (tried Java_TestMissingFast_nativeMethodVoid and Java_TestMissingFast_nativeMethodVoid__)\n+dalvikvm64 E 10-27 12:30:24 3101264 3101264 java_vm_ext.cc:1148] No implementation found for int TestMissingFast.nativeMethod(int) (tried Java_TestMissingFast_nativeMethod and Java_TestMissingFast_nativeMethod__I)\n+dalvikvm64 E 10-27 12:30:24 3101264 3101264 java_vm_ext.cc:1148] No implementation found for int TestMissingFast.nativeMethodWithManyParameters(int, long, float, double, int, long, float, double, int, long, float, double, int, long, float, double, int, long, float, double, int, long, float, double, int, long, float, double, int, long, float, double) (tried Java_TestMissingFast_nativeMethodWithManyParameters and Java_TestMissingFast_nativeMethodWithManyParameters__IJFDIJFDIJFDIJFDIJFDIJFDIJFDIJFD)\n+dalvikvm64 E 10-27 12:30:24 3101264 3101264 java_vm_ext.cc:1148] No implementation found for int TestMissingCritical.nativeMethodVoid() (tried Java_TestMissingCritical_nativeMethodVoid and Java_TestMissingCritical_nativeMethodVoid__)\n+dalvikvm64 E 10-27 12:30:24 3101264 3101264 java_vm_ext.cc:1148] No implementation found for int TestMissingCritical.nativeMethod(int) (tried Java_TestMissingCritical_nativeMethod and Java_TestMissingCritical_nativeMethod__I)\n+dalvikvm64 E 10-27 12:30:24 3101264 3101264 java_vm_ext.cc:1148] No implementation found for int TestMissingCritical.nativeMethodWithManyParameters(int, long, float, double, int, long, float, double, int, long, float, double, int, long, float, double, int, long, float, double, int, long, float, double, int, long, float, double, int, long, float, double) (tried Java_TestMissingCritical_nativeMethodWithManyParameters and Java_TestMissingCritical_nativeMethodWithManyParameters__IJFDIJFDIJFDIJFDIJFDIJFDIJFDIJFD)\n+dalvikvm64 E 10-27 12:30:24 3101264 3101264 java_vm_ext.cc:1148] No implementation found for int TestMissing.nativeMethodVoid() (tried Java_TestMissing_nativeMethodVoid and Java_TestMissing_nativeMethodVoid__)\n+dalvikvm64 E 10-27 12:30:24 3101264 3101264 java_vm_ext.cc:1148] No implementation found for int TestMissing.nativeMethod(int) (tried Java_TestMissing_nativeMethod and Java_TestMissing_nativeMethod__I)\n+dalvikvm64 E 10-27 12:30:24 3101264 3101264 java_vm_ext.cc:1148] No implementation found for int TestMissing.nativeMethodWithManyParameters(int, long, float, double, int, long, float, double, int, long, float, double, int, long, float, double, int, long, float, double, int, long, float, double, int, long, float, double, int, long, float, double) (tried Java_TestMissing_nativeMethodWithManyParameters and Java_TestMissing_nativeMethodWithManyParameters__IJFDIJFDIJFDIJFDIJFDIJFDIJFDIJFD)\n+dalvikvm64 E 10-27 12:30:24 3101264 3101264 java_vm_ext.cc:1148] No implementation found for int TestMissingFast.nativeMethodVoid() (tried Java_TestMissingFast_nativeMethodVoid and Java_TestMissingFast_nativeMethodVoid__)\n+dalvikvm64 E 10-27 12:30:24 3101264 3101264 java_vm_ext.cc:1148] No implementation found for int TestMissingFast.nativeMethod(int) (tried Java_TestMissingFasttestMissingCritical\n",
      "revId": "654f07daf526e18f4f4dbe249d0cbbe91745f463",
      "serverId": "85c56323-6fa9-3386-8a01-6480fb634889"
    },
    {
      "unresolved": false,
      "key": {
        "uuid": "02c4a9fb_72ef5f59",
        "filename": "/PATCHSET_LEVEL",
        "patchSetId": 4
      },
      "lineNbr": 0,
      "author": {
        "id": 1071150
      },
      "writtenOn": "2020-10-27T13:17:48Z",
      "side": 1,
      "message": "Thanks Ulya\n\nThere is another ticket for the remaining failures after this CL:\n\nb/171780974 | P1 | comment | ACCEPTED | oth | run-test failures: No implementation found for int TestMissing.nativeMethodVoid",
      "revId": "654f07daf526e18f4f4dbe249d0cbbe91745f463",
      "serverId": "85c56323-6fa9-3386-8a01-6480fb634889"
    },
    {
      "unresolved": false,
      "key": {
        "uuid": "3322d51e_c7360de1",
        "filename": "/PATCHSET_LEVEL",
        "patchSetId": 4
      },
      "lineNbr": 0,
      "author": {
        "id": 1071150
      },
      "writtenOn": "2020-10-27T13:43:37Z",
      "side": 1,
      "message": "Test failures from TH covered by:\n\nb/171780974 | P1 | comment | ACCEPTED | oth | run-test failures: No implementation found for int TestMissing.nativeMethodVoid",
      "revId": "654f07daf526e18f4f4dbe249d0cbbe91745f463",
      "serverId": "85c56323-6fa9-3386-8a01-6480fb634889"
    },
    {
      "unresolved": true,
      "key": {
        "uuid": "e2257b70_63b75323",
        "filename": "test/etc/run-test-jar",
        "patchSetId": 4
      },
      "lineNbr": 1405,
      "author": {
        "id": 1047684
      },
      "writtenOn": "2020-10-27T13:56:26Z",
      "side": 1,
      "message": "This is ICU version number and it will change. May consider regex, e.g. \"[[:digit:]]\\+\".",
      "range": {
        "startLine": 1405,
        "startChar": 59,
        "endLine": 1405,
        "endChar": 61
      },
      "revId": "654f07daf526e18f4f4dbe249d0cbbe91745f463",
      "serverId": "85c56323-6fa9-3386-8a01-6480fb634889"
    }
  ]
}